Traceback (most recent call last):
  File "/Users/joreilly/opt/anaconda3/lib/python3.9/site-packages/jupyter_cache/executors/utils.py", line 51, in single_nb_execution
    executenb(
  File "/Users/joreilly/opt/anaconda3/lib/python3.9/site-packages/nbclient/client.py", line 1204, in execute
    return NotebookClient(nb=nb, resources=resources, km=km, **kwargs).execute()
  File "/Users/joreilly/opt/anaconda3/lib/python3.9/site-packages/nbclient/util.py", line 84, in wrapped
    return just_run(coro(*args, **kwargs))
  File "/Users/joreilly/opt/anaconda3/lib/python3.9/site-packages/nbclient/util.py", line 62, in just_run
    return loop.run_until_complete(coro)
  File "/Users/joreilly/opt/anaconda3/lib/python3.9/asyncio/base_events.py", line 647, in run_until_complete
    return future.result()
  File "/Users/joreilly/opt/anaconda3/lib/python3.9/site-packages/nbclient/client.py", line 663, in async_execute
    await self.async_execute_cell(
  File "/Users/joreilly/opt/anaconda3/lib/python3.9/site-packages/nbclient/client.py", line 965, in async_execute_cell
    await self._check_raise_for_error(cell, cell_index, exec_reply)
  File "/Users/joreilly/opt/anaconda3/lib/python3.9/site-packages/nbclient/client.py", line 862, in _check_raise_for_error
    raise CellExecutionError.from_cell_and_msg(cell, exec_reply_content)
nbclient.exceptions.CellExecutionError: An error occurred while executing the following cell:
------------------
nReps = 10000
n=5

m = np.empty(nReps)
s = np.empty(nReps)
t = np.empty(nReps)

# run the simulation
for i in range(nReps):
    sample = np.random.choice(women, n, replace=False)
    m[i]=sample.mean()
    s[i]=sample.std()
    t[i]=(sample.mean()-162)/(sample.std()/(n**0.5))

# histogram of t
binwidth=0.1
sns.histplot(t, bins = np.arange(-4.05,4.05,binwidth))

# predicted Normal (if the Central Limit Theorem applied, which it doesn't for n=5!)
x=np.arange(-4,4,binwidth)
p=stats.norm.pdf(x, 0, 1) # IF CLT applied the t values would follow N(0,1)
freq=p*nReps*binwidth
plt.plot(x,freq,'k')

plt.xlabel('t = (x-m)/(s/sqrt(n))')
plt.show()
------------------


KeyboardInterrupt: 

