Traceback (most recent call last):
  File "/Users/joreilly/opt/anaconda3/lib/python3.9/site-packages/jupyter_cache/executors/utils.py", line 51, in single_nb_execution
    executenb(
  File "/Users/joreilly/opt/anaconda3/lib/python3.9/site-packages/nbclient/client.py", line 1204, in execute
    return NotebookClient(nb=nb, resources=resources, km=km, **kwargs).execute()
  File "/Users/joreilly/opt/anaconda3/lib/python3.9/site-packages/nbclient/util.py", line 84, in wrapped
    return just_run(coro(*args, **kwargs))
  File "/Users/joreilly/opt/anaconda3/lib/python3.9/site-packages/nbclient/util.py", line 62, in just_run
    return loop.run_until_complete(coro)
  File "/Users/joreilly/opt/anaconda3/lib/python3.9/asyncio/base_events.py", line 647, in run_until_complete
    return future.result()
  File "/Users/joreilly/opt/anaconda3/lib/python3.9/site-packages/nbclient/client.py", line 663, in async_execute
    await self.async_execute_cell(
  File "/Users/joreilly/opt/anaconda3/lib/python3.9/site-packages/nbclient/client.py", line 965, in async_execute_cell
    await self._check_raise_for_error(cell, cell_index, exec_reply)
  File "/Users/joreilly/opt/anaconda3/lib/python3.9/site-packages/nbclient/client.py", line 862, in _check_raise_for_error
    raise CellExecutionError.from_cell_and_msg(cell, exec_reply_content)
nbclient.exceptions.CellExecutionError: An error occurred while executing the following cell:
------------------
def dMeans(a,y):
    return np.mean(x)-np.mean(y)
    
stats.permutation_test((clouds[clouds['status']=='Seeded']['rainfall'],
                       clouds[clouds['status']=='Unseeded']['rainfall']),
                       dMeans,
                       permutation_type='independent', alternative='greater')


------------------

[0;31m---------------------------------------------------------------------------[0m
[0;31mNameError[0m                                 Traceback (most recent call last)
[0;32m/var/folders/q4/twg1yll54y142rc02m5wwbt40000gr/T/ipykernel_70359/3691853701.py[0m in [0;36m<module>[0;34m[0m
[1;32m      2[0m     [0;32mreturn[0m [0mnp[0m[0;34m.[0m[0mmean[0m[0;34m([0m[0mx[0m[0;34m)[0m[0;34m-[0m[0mnp[0m[0;34m.[0m[0mmean[0m[0;34m([0m[0my[0m[0;34m)[0m[0;34m[0m[0;34m[0m[0m
[1;32m      3[0m [0;34m[0m[0m
[0;32m----> 4[0;31m stats.permutation_test((clouds[clouds['status']=='Seeded']['rainfall'],
[0m[1;32m      5[0m                        clouds[clouds['status']=='Unseeded']['rainfall']),
[1;32m      6[0m                        [0mdMeans[0m[0;34m,[0m[0;34m[0m[0;34m[0m[0m

[0;32m~/opt/anaconda3/lib/python3.9/site-packages/scipy/stats/_resampling.py[0m in [0;36mpermutation_test[0;34m(data, statistic, permutation_type, vectorized, n_resamples, batch, alternative, axis, random_state)[0m
[1;32m   1558[0m      alternative, axis, random_state) = args
[1;32m   1559[0m [0;34m[0m[0m
[0;32m-> 1560[0;31m     [0mobserved[0m [0;34m=[0m [0mstatistic[0m[0;34m([0m[0;34m*[0m[0mdata[0m[0;34m,[0m [0maxis[0m[0;34m=[0m[0;34m-[0m[0;36m1[0m[0;34m)[0m[0;34m[0m[0;34m[0m[0m
[0m[1;32m   1561[0m [0;34m[0m[0m
[1;32m   1562[0m     null_calculators = {"pairings": _calculate_null_pairings,

[0;32m~/opt/anaconda3/lib/python3.9/site-packages/scipy/stats/_resampling.py[0m in [0;36mstat_nd[0;34m(axis, *data)[0m
[1;32m     33[0m             [0;32mreturn[0m [0mstatistic[0m[0;34m([0m[0;34m*[0m[0mdata[0m[0;34m)[0m[0;34m[0m[0;34m[0m[0m
[1;32m     34[0m [0;34m[0m[0m
[0;32m---> 35[0;31m         [0;32mreturn[0m [0mnp[0m[0;34m.[0m[0mapply_along_axis[0m[0;34m([0m[0mstat_1d[0m[0;34m,[0m [0;36m0[0m[0;34m,[0m [0mz[0m[0;34m)[0m[0;34m[[0m[0;34m([0m[0;34m)[0m[0;34m][0m[0;34m[0m[0;34m[0m[0m
[0m[1;32m     36[0m     [0;32mreturn[0m [0mstat_nd[0m[0;34m[0m[0;34m[0m[0m
[1;32m     37[0m [0;34m[0m[0m

[0;32m<__array_function__ internals>[0m in [0;36mapply_along_axis[0;34m(*args, **kwargs)[0m

[0;32m~/opt/anaconda3/lib/python3.9/site-packages/numpy/lib/shape_base.py[0m in [0;36mapply_along_axis[0;34m(func1d, axis, arr, *args, **kwargs)[0m
[1;32m    377[0m             [0;34m'Cannot apply_along_axis when any iteration dimensions are 0'[0m[0;34m[0m[0;34m[0m[0m
[1;32m    378[0m         ) from None
[0;32m--> 379[0;31m     [0mres[0m [0;34m=[0m [0masanyarray[0m[0;34m([0m[0mfunc1d[0m[0;34m([0m[0minarr_view[0m[0;34m[[0m[0mind0[0m[0;34m][0m[0;34m,[0m [0;34m*[0m[0margs[0m[0;34m,[0m [0;34m**[0m[0mkwargs[0m[0;34m)[0m[0;34m)[0m[0;34m[0m[0;34m[0m[0m
[0m[1;32m    380[0m [0;34m[0m[0m
[1;32m    381[0m     [0;31m# build a buffer for storing evaluations of func1d.[0m[0;34m[0m[0;34m[0m[0m

[0;32m~/opt/anaconda3/lib/python3.9/site-packages/scipy/stats/_resampling.py[0m in [0;36mstat_1d[0;34m(z)[0m
[1;32m     31[0m         [0;32mdef[0m [0mstat_1d[0m[0;34m([0m[0mz[0m[0;34m)[0m[0;34m:[0m[0;34m[0m[0;34m[0m[0m
[1;32m     32[0m             [0mdata[0m [0;34m=[0m [0mnp[0m[0;34m.[0m[0msplit[0m[0;34m([0m[0mz[0m[0;34m,[0m [0msplit_indices[0m[0;34m)[0m[0;34m[0m[0;34m[0m[0m
[0;32m---> 33[0;31m             [0;32mreturn[0m [0mstatistic[0m[0;34m([0m[0;34m*[0m[0mdata[0m[0;34m)[0m[0;34m[0m[0;34m[0m[0m
[0m[1;32m     34[0m [0;34m[0m[0m
[1;32m     35[0m         [0;32mreturn[0m [0mnp[0m[0;34m.[0m[0mapply_along_axis[0m[0;34m([0m[0mstat_1d[0m[0;34m,[0m [0;36m0[0m[0;34m,[0m [0mz[0m[0;34m)[0m[0;34m[[0m[0;34m([0m[0;34m)[0m[0;34m][0m[0;34m[0m[0;34m[0m[0m

[0;32m/var/folders/q4/twg1yll54y142rc02m5wwbt40000gr/T/ipykernel_70359/3691853701.py[0m in [0;36mdMeans[0;34m(a, y)[0m
[1;32m      1[0m [0;32mdef[0m [0mdMeans[0m[0;34m([0m[0ma[0m[0;34m,[0m[0my[0m[0;34m)[0m[0;34m:[0m[0;34m[0m[0;34m[0m[0m
[0;32m----> 2[0;31m     [0;32mreturn[0m [0mnp[0m[0;34m.[0m[0mmean[0m[0;34m([0m[0mx[0m[0;34m)[0m[0;34m-[0m[0mnp[0m[0;34m.[0m[0mmean[0m[0;34m([0m[0my[0m[0;34m)[0m[0;34m[0m[0;34m[0m[0m
[0m[1;32m      3[0m [0;34m[0m[0m
[1;32m      4[0m stats.permutation_test((clouds[clouds['status']=='Seeded']['rainfall'],
[1;32m      5[0m                        clouds[clouds['status']=='Unseeded']['rainfall']),

[0;31mNameError[0m: name 'x' is not defined
NameError: name 'x' is not defined

