Traceback (most recent call last):
  File "/Users/joreilly/opt/anaconda3/lib/python3.9/site-packages/jupyter_cache/executors/utils.py", line 51, in single_nb_execution
    executenb(
  File "/Users/joreilly/opt/anaconda3/lib/python3.9/site-packages/nbclient/client.py", line 1204, in execute
    return NotebookClient(nb=nb, resources=resources, km=km, **kwargs).execute()
  File "/Users/joreilly/opt/anaconda3/lib/python3.9/site-packages/nbclient/util.py", line 84, in wrapped
    return just_run(coro(*args, **kwargs))
  File "/Users/joreilly/opt/anaconda3/lib/python3.9/site-packages/nbclient/util.py", line 62, in just_run
    return loop.run_until_complete(coro)
  File "/Users/joreilly/opt/anaconda3/lib/python3.9/asyncio/base_events.py", line 647, in run_until_complete
    return future.result()
  File "/Users/joreilly/opt/anaconda3/lib/python3.9/site-packages/nbclient/client.py", line 663, in async_execute
    await self.async_execute_cell(
  File "/Users/joreilly/opt/anaconda3/lib/python3.9/site-packages/nbclient/client.py", line 965, in async_execute_cell
    await self._check_raise_for_error(cell, cell_index, exec_reply)
  File "/Users/joreilly/opt/anaconda3/lib/python3.9/site-packages/nbclient/client.py", line 862, in _check_raise_for_error
    raise CellExecutionError.from_cell_and_msg(cell, exec_reply_content)
nbclient.exceptions.CellExecutionError: An error occurred while executing the following cell:
------------------
my_pal_1 = {"brother": [0.9,0.9,1], "sister": [1,0.9,0.9]}
my_pal_2 = {"brother": [0.5,0.5,1], "sister": [1,0.5,0.5]}

sns.violinplot(data=data, palette=my_pal_1, alpha=0.2)
sns.swarmplot(data=data, palette=my_pal_2)


sns.violinplot(data=data.brother-data.sister, color=[0.5,0.5,0.5])
sns.swarmplot(data=data.brother-data.sister, color=[0.1,0.1,0.1])

plt.ylabel='height'
------------------

[0;31m---------------------------------------------------------------------------[0m
[0;31mKeyError[0m                                  Traceback (most recent call last)
[0;32m/var/folders/q4/twg1yll54y142rc02m5wwbt40000gr/T/ipykernel_2849/4116936935.py[0m in [0;36m<module>[0;34m[0m
[1;32m      2[0m [0mmy_pal_2[0m [0;34m=[0m [0;34m{[0m[0;34m"brother"[0m[0;34m:[0m [0;34m[[0m[0;36m0.5[0m[0;34m,[0m[0;36m0.5[0m[0;34m,[0m[0;36m1[0m[0;34m][0m[0;34m,[0m [0;34m"sister"[0m[0;34m:[0m [0;34m[[0m[0;36m1[0m[0;34m,[0m[0;36m0.5[0m[0;34m,[0m[0;36m0.5[0m[0;34m][0m[0;34m}[0m[0;34m[0m[0;34m[0m[0m
[1;32m      3[0m [0;34m[0m[0m
[0;32m----> 4[0;31m [0msns[0m[0;34m.[0m[0mviolinplot[0m[0;34m([0m[0mdata[0m[0;34m=[0m[0mdata[0m[0;34m,[0m [0mpalette[0m[0;34m=[0m[0mmy_pal_1[0m[0;34m,[0m [0malpha[0m[0;34m=[0m[0;36m0.2[0m[0;34m)[0m[0;34m[0m[0;34m[0m[0m
[0m[1;32m      5[0m [0msns[0m[0;34m.[0m[0mswarmplot[0m[0;34m([0m[0mdata[0m[0;34m=[0m[0mdata[0m[0;34m,[0m [0mpalette[0m[0;34m=[0m[0mmy_pal_2[0m[0;34m)[0m[0;34m[0m[0;34m[0m[0m
[1;32m      6[0m [0;34m[0m[0m

[0;32m~/opt/anaconda3/lib/python3.9/site-packages/seaborn/_decorators.py[0m in [0;36minner_f[0;34m(*args, **kwargs)[0m
[1;32m     44[0m             )
[1;32m     45[0m         [0mkwargs[0m[0;34m.[0m[0mupdate[0m[0;34m([0m[0;34m{[0m[0mk[0m[0;34m:[0m [0marg[0m [0;32mfor[0m [0mk[0m[0;34m,[0m [0marg[0m [0;32min[0m [0mzip[0m[0;34m([0m[0msig[0m[0;34m.[0m[0mparameters[0m[0;34m,[0m [0margs[0m[0;34m)[0m[0;34m}[0m[0;34m)[0m[0;34m[0m[0;34m[0m[0m
[0;32m---> 46[0;31m         [0;32mreturn[0m [0mf[0m[0;34m([0m[0;34m**[0m[0mkwargs[0m[0;34m)[0m[0;34m[0m[0;34m[0m[0m
[0m[1;32m     47[0m     [0;32mreturn[0m [0minner_f[0m[0;34m[0m[0;34m[0m[0m
[1;32m     48[0m [0;34m[0m[0m

[0;32m~/opt/anaconda3/lib/python3.9/site-packages/seaborn/categorical.py[0m in [0;36mviolinplot[0;34m(x, y, hue, data, order, hue_order, bw, cut, scale, scale_hue, gridsize, width, inner, split, dodge, orient, linewidth, color, palette, saturation, ax, **kwargs)[0m
[1;32m   2398[0m ):
[1;32m   2399[0m [0;34m[0m[0m
[0;32m-> 2400[0;31m     plotter = _ViolinPlotter(x, y, hue, data, order, hue_order,
[0m[1;32m   2401[0m                              [0mbw[0m[0;34m,[0m [0mcut[0m[0;34m,[0m [0mscale[0m[0;34m,[0m [0mscale_hue[0m[0;34m,[0m [0mgridsize[0m[0;34m,[0m[0;34m[0m[0;34m[0m[0m
[1;32m   2402[0m                              [0mwidth[0m[0;34m,[0m [0minner[0m[0;34m,[0m [0msplit[0m[0;34m,[0m [0mdodge[0m[0;34m,[0m [0morient[0m[0;34m,[0m [0mlinewidth[0m[0;34m,[0m[0;34m[0m[0;34m[0m[0m

[0;32m~/opt/anaconda3/lib/python3.9/site-packages/seaborn/categorical.py[0m in [0;36m__init__[0;34m(self, x, y, hue, data, order, hue_order, bw, cut, scale, scale_hue, gridsize, width, inner, split, dodge, orient, linewidth, color, palette, saturation)[0m
[1;32m    521[0m [0;34m[0m[0m
[1;32m    522[0m         [0mself[0m[0;34m.[0m[0mestablish_variables[0m[0;34m([0m[0mx[0m[0;34m,[0m [0my[0m[0;34m,[0m [0mhue[0m[0;34m,[0m [0mdata[0m[0;34m,[0m [0morient[0m[0;34m,[0m [0morder[0m[0;34m,[0m [0mhue_order[0m[0;34m)[0m[0;34m[0m[0;34m[0m[0m
[0;32m--> 523[0;31m         [0mself[0m[0;34m.[0m[0mestablish_colors[0m[0;34m([0m[0mcolor[0m[0;34m,[0m [0mpalette[0m[0;34m,[0m [0msaturation[0m[0;34m)[0m[0;34m[0m[0;34m[0m[0m
[0m[1;32m    524[0m         [0mself[0m[0;34m.[0m[0mestimate_densities[0m[0;34m([0m[0mbw[0m[0;34m,[0m [0mcut[0m[0;34m,[0m [0mscale[0m[0;34m,[0m [0mscale_hue[0m[0;34m,[0m [0mgridsize[0m[0;34m)[0m[0;34m[0m[0;34m[0m[0m
[1;32m    525[0m [0;34m[0m[0m

[0;32m~/opt/anaconda3/lib/python3.9/site-packages/seaborn/categorical.py[0m in [0;36mestablish_colors[0;34m(self, color, palette, saturation)[0m
[1;32m    304[0m                 [0;32melse[0m[0;34m:[0m[0;34m[0m[0;34m[0m[0m
[1;32m    305[0m                     [0mlevels[0m [0;34m=[0m [0mself[0m[0;34m.[0m[0mhue_names[0m[0;34m[0m[0;34m[0m[0m
[0;32m--> 306[0;31m                 [0mpalette[0m [0;34m=[0m [0;34m[[0m[0mpalette[0m[0;34m[[0m[0ml[0m[0;34m][0m [0;32mfor[0m [0ml[0m [0;32min[0m [0mlevels[0m[0;34m][0m[0;34m[0m[0;34m[0m[0m
[0m[1;32m    307[0m [0;34m[0m[0m
[1;32m    308[0m             [0mcolors[0m [0;34m=[0m [0mcolor_palette[0m[0;34m([0m[0mpalette[0m[0;34m,[0m [0mn_colors[0m[0;34m)[0m[0;34m[0m[0;34m[0m[0m

[0;32m~/opt/anaconda3/lib/python3.9/site-packages/seaborn/categorical.py[0m in [0;36m<listcomp>[0;34m(.0)[0m
[1;32m    304[0m                 [0;32melse[0m[0;34m:[0m[0;34m[0m[0;34m[0m[0m
[1;32m    305[0m                     [0mlevels[0m [0;34m=[0m [0mself[0m[0;34m.[0m[0mhue_names[0m[0;34m[0m[0;34m[0m[0m
[0;32m--> 306[0;31m                 [0mpalette[0m [0;34m=[0m [0;34m[[0m[0mpalette[0m[0;34m[[0m[0ml[0m[0;34m][0m [0;32mfor[0m [0ml[0m [0;32min[0m [0mlevels[0m[0;34m][0m[0;34m[0m[0;34m[0m[0m
[0m[1;32m    307[0m [0;34m[0m[0m
[1;32m    308[0m             [0mcolors[0m [0;34m=[0m [0mcolor_palette[0m[0;34m([0m[0mpalette[0m[0;34m,[0m [0mn_colors[0m[0;34m)[0m[0;34m[0m[0;34m[0m[0m

[0;31mKeyError[0m: 'diff'
KeyError: 'diff'

