Traceback (most recent call last):
  File "/Users/joreilly/opt/anaconda3/lib/python3.9/site-packages/jupyter_cache/executors/utils.py", line 51, in single_nb_execution
    executenb(
  File "/Users/joreilly/opt/anaconda3/lib/python3.9/site-packages/nbclient/client.py", line 1204, in execute
    return NotebookClient(nb=nb, resources=resources, km=km, **kwargs).execute()
  File "/Users/joreilly/opt/anaconda3/lib/python3.9/site-packages/nbclient/util.py", line 84, in wrapped
    return just_run(coro(*args, **kwargs))
  File "/Users/joreilly/opt/anaconda3/lib/python3.9/site-packages/nbclient/util.py", line 62, in just_run
    return loop.run_until_complete(coro)
  File "/Users/joreilly/opt/anaconda3/lib/python3.9/asyncio/base_events.py", line 647, in run_until_complete
    return future.result()
  File "/Users/joreilly/opt/anaconda3/lib/python3.9/site-packages/nbclient/client.py", line 663, in async_execute
    await self.async_execute_cell(
  File "/Users/joreilly/opt/anaconda3/lib/python3.9/site-packages/nbclient/client.py", line 965, in async_execute_cell
    await self._check_raise_for_error(cell, cell_index, exec_reply)
  File "/Users/joreilly/opt/anaconda3/lib/python3.9/site-packages/nbclient/client.py", line 862, in _check_raise_for_error
    raise CellExecutionError.from_cell_and_msg(cell, exec_reply_content)
nbclient.exceptions.CellExecutionError: An error occurred while executing the following cell:
------------------
# plot ratings by 'alcohol content' of the movie
# note that I have set the order of the violins to increasing alcohol, rather than the default order which wasn't meaningful
sns.violinplot(data=movies, x='Profanity', y='Rate', order=['None','Mild','Moderate','Severe'])
------------------

[0;31m---------------------------------------------------------------------------[0m
[0;31mValueError[0m                                Traceback (most recent call last)
[0;32m/var/folders/q4/twg1yll54y142rc02m5wwbt40000gr/T/ipykernel_58214/1297526665.py[0m in [0;36m<module>[0;34m[0m
[1;32m      1[0m [0;31m# plot ratings by 'alcohol content' of the movie[0m[0;34m[0m[0;34m[0m[0m
[1;32m      2[0m [0;31m# note that I have set the order of the violins to increasing alcohol, rather than the default order which wasn't meaningful[0m[0;34m[0m[0;34m[0m[0m
[0;32m----> 3[0;31m [0msns[0m[0;34m.[0m[0mviolinplot[0m[0;34m([0m[0mdata[0m[0;34m=[0m[0mmovies[0m[0;34m,[0m [0mx[0m[0;34m=[0m[0;34m'Profanity'[0m[0;34m,[0m [0my[0m[0;34m=[0m[0;34m'Rate'[0m[0;34m,[0m [0morder[0m[0;34m=[0m[0;34m[[0m[0;34m'None'[0m[0;34m,[0m[0;34m'Mild'[0m[0;34m,[0m[0;34m'Moderate'[0m[0;34m,[0m[0;34m'Severe'[0m[0;34m][0m[0;34m)[0m[0;34m[0m[0;34m[0m[0m
[0m
[0;32m~/opt/anaconda3/lib/python3.9/site-packages/seaborn/_decorators.py[0m in [0;36minner_f[0;34m(*args, **kwargs)[0m
[1;32m     44[0m             )
[1;32m     45[0m         [0mkwargs[0m[0;34m.[0m[0mupdate[0m[0;34m([0m[0;34m{[0m[0mk[0m[0;34m:[0m [0marg[0m [0;32mfor[0m [0mk[0m[0;34m,[0m [0marg[0m [0;32min[0m [0mzip[0m[0;34m([0m[0msig[0m[0;34m.[0m[0mparameters[0m[0;34m,[0m [0margs[0m[0;34m)[0m[0;34m}[0m[0;34m)[0m[0;34m[0m[0;34m[0m[0m
[0;32m---> 46[0;31m         [0;32mreturn[0m [0mf[0m[0;34m([0m[0;34m**[0m[0mkwargs[0m[0;34m)[0m[0;34m[0m[0;34m[0m[0m
[0m[1;32m     47[0m     [0;32mreturn[0m [0minner_f[0m[0;34m[0m[0;34m[0m[0m
[1;32m     48[0m [0;34m[0m[0m

[0;32m~/opt/anaconda3/lib/python3.9/site-packages/seaborn/categorical.py[0m in [0;36mviolinplot[0;34m(x, y, hue, data, order, hue_order, bw, cut, scale, scale_hue, gridsize, width, inner, split, dodge, orient, linewidth, color, palette, saturation, ax, **kwargs)[0m
[1;32m   2398[0m ):
[1;32m   2399[0m [0;34m[0m[0m
[0;32m-> 2400[0;31m     plotter = _ViolinPlotter(x, y, hue, data, order, hue_order,
[0m[1;32m   2401[0m                              [0mbw[0m[0;34m,[0m [0mcut[0m[0;34m,[0m [0mscale[0m[0;34m,[0m [0mscale_hue[0m[0;34m,[0m [0mgridsize[0m[0;34m,[0m[0;34m[0m[0;34m[0m[0m
[1;32m   2402[0m                              [0mwidth[0m[0;34m,[0m [0minner[0m[0;34m,[0m [0msplit[0m[0;34m,[0m [0mdodge[0m[0;34m,[0m [0morient[0m[0;34m,[0m [0mlinewidth[0m[0;34m,[0m[0;34m[0m[0;34m[0m[0m

[0;32m~/opt/anaconda3/lib/python3.9/site-packages/seaborn/categorical.py[0m in [0;36m__init__[0;34m(self, x, y, hue, data, order, hue_order, bw, cut, scale, scale_hue, gridsize, width, inner, split, dodge, orient, linewidth, color, palette, saturation)[0m
[1;32m    520[0m                  color, palette, saturation):
[1;32m    521[0m [0;34m[0m[0m
[0;32m--> 522[0;31m         [0mself[0m[0;34m.[0m[0mestablish_variables[0m[0;34m([0m[0mx[0m[0;34m,[0m [0my[0m[0;34m,[0m [0mhue[0m[0;34m,[0m [0mdata[0m[0;34m,[0m [0morient[0m[0;34m,[0m [0morder[0m[0;34m,[0m [0mhue_order[0m[0;34m)[0m[0;34m[0m[0;34m[0m[0m
[0m[1;32m    523[0m         [0mself[0m[0;34m.[0m[0mestablish_colors[0m[0;34m([0m[0mcolor[0m[0;34m,[0m [0mpalette[0m[0;34m,[0m [0msaturation[0m[0;34m)[0m[0;34m[0m[0;34m[0m[0m
[1;32m    524[0m         [0mself[0m[0;34m.[0m[0mestimate_densities[0m[0;34m([0m[0mbw[0m[0;34m,[0m [0mcut[0m[0;34m,[0m [0mscale[0m[0;34m,[0m [0mscale_hue[0m[0;34m,[0m [0mgridsize[0m[0;34m)[0m[0;34m[0m[0;34m[0m[0m

[0;32m~/opt/anaconda3/lib/python3.9/site-packages/seaborn/categorical.py[0m in [0;36mestablish_variables[0;34m(self, x, y, hue, data, orient, order, hue_order, units)[0m
[1;32m    151[0m                 [0;32mif[0m [0misinstance[0m[0;34m([0m[0mvar[0m[0;34m,[0m [0mstr[0m[0;34m)[0m[0;34m:[0m[0;34m[0m[0;34m[0m[0m
[1;32m    152[0m                     [0merr[0m [0;34m=[0m [0;34m"Could not interpret input '{}'"[0m[0;34m.[0m[0mformat[0m[0;34m([0m[0mvar[0m[0;34m)[0m[0;34m[0m[0;34m[0m[0m
[0;32m--> 153[0;31m                     [0;32mraise[0m [0mValueError[0m[0;34m([0m[0merr[0m[0;34m)[0m[0;34m[0m[0;34m[0m[0m
[0m[1;32m    154[0m [0;34m[0m[0m
[1;32m    155[0m             [0;31m# Figure out the plotting orientation[0m[0;34m[0m[0;34m[0m[0m

[0;31mValueError[0m: Could not interpret input 'Rate'
ValueError: Could not interpret input 'Rate'

